{"C:\\Users\\yaise\\Documents\\WebDev_Master\\Course\\Month3\\npm\\playWithJestByMyOwn\\src\\date.js": {"path":"C:\\Users\\yaise\\Documents\\WebDev_Master\\Course\\Month3\\npm\\playWithJestByMyOwn\\src\\date.js","statementMap":{"0":{"start":{"line":1,"column":13},"end":{"line":1,"column":30}},"1":{"start":{"line":9,"column":4},"end":{"line":9,"column":36}},"2":{"start":{"line":14,"column":4},"end":{"line":14,"column":38}},"3":{"start":{"line":19,"column":15},"end":{"line":19,"column":25}},"4":{"start":{"line":20,"column":4},"end":{"line":20,"column":36}},"5":{"start":{"line":23,"column":0},"end":{"line":27,"column":2}}},"fnMap":{"0":{"name":"getWeekDay","decl":{"start":{"line":7,"column":9},"end":{"line":7,"column":19}},"loc":{"start":{"line":7,"column":22},"end":{"line":10,"column":1}},"line":7},"1":{"name":"getCurrentMonth","decl":{"start":{"line":12,"column":9},"end":{"line":12,"column":24}},"loc":{"start":{"line":12,"column":27},"end":{"line":15,"column":1}},"line":12},"2":{"name":"getCurrentYear","decl":{"start":{"line":17,"column":9},"end":{"line":17,"column":23}},"loc":{"start":{"line":17,"column":26},"end":{"line":21,"column":1}},"line":17}},"branchMap":{},"s":{"0":1,"1":1,"2":1,"3":1,"4":1,"5":1},"f":{"0":1,"1":1,"2":1},"b":{},"_coverageSchema":"1a1c01bbd47fc00a2c39e90264f33305004495a9","hash":"c6cea39413bccde4cf2487523453475793879256"}
,"C:\\Users\\yaise\\Documents\\WebDev_Master\\Course\\Month3\\npm\\playWithJestByMyOwn\\src\\util.js": {"path":"C:\\Users\\yaise\\Documents\\WebDev_Master\\Course\\Month3\\npm\\playWithJestByMyOwn\\src\\util.js","statementMap":{"0":{"start":{"line":1,"column":15},"end":{"line":1,"column":32}},"1":{"start":{"line":9,"column":4},"end":{"line":9,"column":72}},"2":{"start":{"line":13,"column":4},"end":{"line":13,"column":36}},"3":{"start":{"line":18,"column":4},"end":{"line":18,"column":40}},"4":{"start":{"line":21,"column":0},"end":{"line":25,"column":2}}},"fnMap":{"0":{"name":"createArray","decl":{"start":{"line":7,"column":9},"end":{"line":7,"column":20}},"loc":{"start":{"line":7,"column":32},"end":{"line":10,"column":1}},"line":7},"1":{"name":"toCamelCase","decl":{"start":{"line":12,"column":9},"end":{"line":12,"column":20}},"loc":{"start":{"line":12,"column":29},"end":{"line":14,"column":1}},"line":12},"2":{"name":"getIndexOf","decl":{"start":{"line":16,"column":9},"end":{"line":16,"column":19}},"loc":{"start":{"line":16,"column":34},"end":{"line":19,"column":1}},"line":16}},"branchMap":{},"s":{"0":1,"1":1,"2":1,"3":1,"4":1},"f":{"0":1,"1":1,"2":1},"b":{},"_coverageSchema":"1a1c01bbd47fc00a2c39e90264f33305004495a9","hash":"c87c81057d533f76ab0c80be579ebc5a7ea3f0e0"}
}
